<?xml version="1.0" encoding="UTF-8"?>
<!-- Generated by org.testng.reporters.JUnitReportReporter -->
<testsuite skipped="1" hostname="DESKTOP-KRLAL0I" name="com.sales.AmazonServices.TC_006" tests="2" failures="0" timestamp="06 Mar 2019 07:29:27 GMT" time="21.104" errors="0">
  <testcase name="automationRegistration" time="21.104" classname="com.sales.AmazonServices.TC_006"/>
  <testcase name="automationLogin" classname="com.sales.AmazonServices.TC_006">
    <skipped/>
  </testcase> <!-- automationLogin -->
</testsuite> <!-- com.sales.AmazonServices.TC_006 -->
