<?xml version="1.0" encoding="UTF-8"?>
<!-- Generated by org.testng.reporters.JUnitReportReporter -->
<testsuite skipped="0" hostname="DESKTOP-KRLAL0I" name="com.sales.AmazonServices.TC_004" tests="1" failures="0" timestamp="26 Feb 2019 06:37:20 GMT" time="0.033" errors="0">
  <testcase name="f" time="0.033" classname="com.sales.AmazonServices.TC_004"/>
</testsuite> <!-- com.sales.AmazonServices.TC_004 -->
