<?xml version="1.0" encoding="UTF-8"?>
<!-- Generated by org.testng.reporters.JUnitReportReporter -->
<testsuite skipped="0" hostname="DESKTOP-KRLAL0I" name="suiteD.TestD3" tests="1" failures="0" timestamp="01 Mar 2019 07:33:44 GMT" time="5.002" errors="0">
  <testcase name="testD3" time="5.002" classname="suiteD.TestD3"/>
</testsuite> <!-- suiteD.TestD3 -->
