<?xml version="1.0" encoding="UTF-8"?>
<!-- Generated by org.testng.reporters.JUnitReportReporter -->
<testsuite skipped="0" hostname="DESKTOP-KRLAL0I" name="com.sales.AmazonServices.NewTest" tests="1" failures="0" timestamp="26 Feb 2019 06:37:20 GMT" time="0.006" errors="0">
  <testcase name="newTest" time="0.006" classname="com.sales.AmazonServices.NewTest"/>
</testsuite> <!-- com.sales.AmazonServices.NewTest -->
