<?xml version="1.0" encoding="UTF-8"?>
<!-- Generated by org.testng.reporters.JUnitReportReporter -->
<testsuite skipped="0" hostname="DESKTOP-KRLAL0I" name="suiteD.TestD1" tests="1" failures="0" timestamp="01 Mar 2019 07:33:44 GMT" time="5.009" errors="0">
  <testcase name="testD1" time="5.009" classname="suiteD.TestD1"/>
</testsuite> <!-- suiteD.TestD1 -->
