<?xml version="1.0" encoding="UTF-8"?>
<!-- Generated by org.testng.reporters.JUnitReportReporter -->
<testsuite skipped="0" hostname="DESKTOP-KRLAL0I" name="com.sales.AmazonServices.CheckBox1" tests="1" failures="0" timestamp="01 Mar 2019 06:37:38 GMT" time="11.024" errors="0">
  <testcase name="checkboxTest" time="11.024" classname="com.sales.AmazonServices.CheckBox1"/>
</testsuite> <!-- com.sales.AmazonServices.CheckBox1 -->
