<?xml version="1.0" encoding="UTF-8"?>
<!-- Generated by org.testng.reporters.JUnitReportReporter -->
<testsuite skipped="1" hostname="DESKTOP-KRLAL0I" name="com.sales.AmazonServices.TC_003" tests="4" failures="0" timestamp="25 Feb 2019 06:47:20 GMT" time="0.019" errors="0">
  <testcase name="f" time="0.009" classname="com.sales.AmazonServices.TC_003"/>
  <testcase name="z" time="0.005" classname="com.sales.AmazonServices.TC_003"/>
  <testcase name="p" time="0.005" classname="com.sales.AmazonServices.TC_003"/>
  <testcase name="a" classname="com.sales.AmazonServices.TC_003">
    <skipped/>
  </testcase> <!-- a -->
</testsuite> <!-- com.sales.AmazonServices.TC_003 -->
